Using pre-set license
Built from '2022.3/staging' branch; Version is '2022.3.4f1 (35713cd46cd7) revision 3502396'; Using compiler version '192829333'; Build Type 'Release'
OS: 'Windows 11  (10.0.22621) 64bit Professional' Language: 'en' Physical Memory: 16295 MB
BatchMode: 1, IsHumanControllingUs: 0, StartBugReporterOnCrash: 0, Is64bit: 1, IsPro: 1

COMMAND LINE ARGUMENTS:
C:\Program Files\Unity\Hub\Editor\2022.3.4f1\Editor\Unity.exe
-adb2
-batchMode
-noUpm
-name
AssetImportWorker5
-projectPath
C:/Users/ecallegari-l2023/Documents/GitHub/SEEL/SEEL Source Code
-logFile
Logs/AssetImportWorker5.log
-srvPort
50725
Successfully changed project path to: C:/Users/ecallegari-l2023/Documents/GitHub/SEEL/SEEL Source Code
C:/Users/ecallegari-l2023/Documents/GitHub/SEEL/SEEL Source Code
[UnityMemory] Configuration Parameters - Can be set up in boot.config
    "memorysetup-bucket-allocator-granularity=16"
    "memorysetup-bucket-allocator-bucket-count=8"
    "memorysetup-bucket-allocator-block-size=33554432"
    "memorysetup-bucket-allocator-block-count=8"
    "memorysetup-main-allocator-block-size=16777216"
    "memorysetup-thread-allocator-block-size=16777216"
    "memorysetup-gfx-main-allocator-block-size=16777216"
    "memorysetup-gfx-thread-allocator-block-size=16777216"
    "memorysetup-cache-allocator-block-size=4194304"
    "memorysetup-typetree-allocator-block-size=2097152"
    "memorysetup-profiler-bucket-allocator-granularity=16"
    "memorysetup-profiler-bucket-allocator-bucket-count=8"
    "memorysetup-profiler-bucket-allocator-block-size=33554432"
    "memorysetup-profiler-bucket-allocator-block-count=8"
    "memorysetup-profiler-allocator-block-size=16777216"
    "memorysetup-profiler-editor-allocator-block-size=1048576"
    "memorysetup-temp-allocator-size-main=16777216"
    "memorysetup-job-temp-allocator-block-size=2097152"
    "memorysetup-job-temp-allocator-block-size-background=1048576"
    "memorysetup-job-temp-allocator-reduction-small-platforms=262144"
    "memorysetup-allocator-temp-initial-block-size-main=262144"
    "memorysetup-allocator-temp-initial-block-size-worker=262144"
    "memorysetup-temp-allocator-size-background-worker=32768"
    "memorysetup-temp-allocator-size-job-worker=262144"
    "memorysetup-temp-allocator-size-preload-manager=33554432"
    "memorysetup-temp-allocator-size-nav-mesh-worker=65536"
    "memorysetup-temp-allocator-size-audio-worker=65536"
    "memorysetup-temp-allocator-size-cloud-worker=32768"
    "memorysetup-temp-allocator-size-gi-baking-worker=262144"
    "memorysetup-temp-allocator-size-gfx=262144"
Player connection [25224] Host "[IP] 192.168.104.71 [Port] 0 [Flags] 2 [Guid] 4102133930 [EditorId] 4102133930 [Version] 1048832 [Id] WindowsEditor(7,ELAM-014-5) [Debug] 1 [PackageName] WindowsEditor [ProjectName] Editor" joined multi-casting on [225.0.0.222:54997]...

Player connection [25224] Host "[IP] 192.168.104.71 [Port] 0 [Flags] 2 [Guid] 4102133930 [EditorId] 4102133930 [Version] 1048832 [Id] WindowsEditor(7,ELAM-014-5) [Debug] 1 [PackageName] WindowsEditor [ProjectName] Editor" joined alternative multi-casting on [225.0.0.222:34997]...

Refreshing native plugins compatible for Editor in 419.46 ms, found 3 plugins.
Preloading 0 native plugins for Editor in 0.00 ms.
Initialize engine version: 2022.3.4f1 (35713cd46cd7)
[Subsystems] Discovering subsystems at path C:/Program Files/Unity/Hub/Editor/2022.3.4f1/Editor/Data/Resources/UnitySubsystems
[Subsystems] Discovering subsystems at path C:/Users/ecallegari-l2023/Documents/GitHub/SEEL/SEEL Source Code/Assets
GfxDevice: creating device client; threaded=0; jobified=0
Direct3D:
    Version:  Direct3D 11.0 [level 11.1]
    Renderer: NVIDIA GeForce RTX 3060 (ID=0x2504)
    Vendor:   NVIDIA
    VRAM:     12143 MB
    Driver:   30.0.14.9649
Initialize mono
Mono path[0] = 'C:/Program Files/Unity/Hub/Editor/2022.3.4f1/Editor/Data/Managed'
Mono path[1] = 'C:/Program Files/Unity/Hub/Editor/2022.3.4f1/Editor/Data/MonoBleedingEdge/lib/mono/unityjit-win32'
Mono config path = 'C:/Program Files/Unity/Hub/Editor/2022.3.4f1/Editor/Data/MonoBleedingEdge/etc'
Using monoOptions --debugger-agent=transport=dt_socket,embedding=1,server=y,suspend=n,address=127.0.0.1:56896
Begin MonoManager ReloadAssembly
Registering precompiled unity dll's ...
Register platform support module: C:/Program Files/Unity/Hub/Editor/2022.3.4f1/Editor/Data/PlaybackEngines/WebGLSupport/UnityEditor.WebGL.Extensions.dll
Register platform support module: C:/Program Files/Unity/Hub/Editor/2022.3.4f1/Editor/Data/PlaybackEngines/AndroidPlayer/UnityEditor.Android.Extensions.dll
Register platform support module: C:/Program Files/Unity/Hub/Editor/2022.3.4f1/Editor/Data/PlaybackEngines/WindowsStandaloneSupport/UnityEditor.WindowsStandalone.Extensions.dll
Registered in 0.009009 seconds.
- Loaded All Assemblies, in  0.295 seconds
Native extension for WindowsStandalone target not found
Native extension for Android target not found
Android Extension - Scanning For ADB Devices 273 ms
Native extension for WebGL target not found
Mono: successfully reloaded assembly
- Finished resetting the current domain, in  0.501 seconds
Domain Reload Profiling: 795ms
	BeginReloadAssembly (102ms)
		ExecutionOrderSort (0ms)
		DisableScriptedObjects (0ms)
		BackupInstance (0ms)
		ReleaseScriptingObjects (0ms)
		CreateAndSetChildDomain (1ms)
	RebuildCommonClasses (33ms)
	RebuildNativeTypeToScriptingClass (8ms)
	initialDomainReloadingComplete (46ms)
	LoadAllAssembliesAndSetupDomain (104ms)
		LoadAssemblies (102ms)
		RebuildTransferFunctionScriptingTraits (0ms)
		AnalyzeDomain (98ms)
			TypeCache.Refresh (98ms)
				TypeCache.ScanAssembly (89ms)
			ScanForSourceGeneratedMonoScriptInfo (0ms)
			ResolveRequiredComponents (0ms)
	FinalizeReload (502ms)
		ReleaseScriptCaches (0ms)
		RebuildScriptCaches (0ms)
		SetupLoadedEditorAssemblies (463ms)
			LogAssemblyErrors (0ms)
			InitializePlatformSupportModulesInManaged (363ms)
			SetLoadedEditorAssemblies (3ms)
			RefreshPlugins (0ms)
			BeforeProcessingInitializeOnLoad (1ms)
			ProcessInitializeOnLoadAttributes (66ms)
			ProcessInitializeOnLoadMethodAttributes (31ms)
			AfterProcessingInitializeOnLoad (0ms)
			EditorAssembliesLoaded (0ms)
		ExecutionOrderSort2 (0ms)
		AwakeInstancesAfterBackupRestoration (0ms)
========================================================================
Worker process is ready to serve import requests
Begin MonoManager ReloadAssembly
Symbol file LoadedFromMemory doesn't match image C:\Users\ecallegari-l2023\Documents\GitHub\SEEL\SEEL Source Code\Library\PackageCache\com.unity.visualscripting@1.8.0\Editor\VisualScripting.Core\Dependencies\YamlDotNet\Unity.VisualScripting.YamlDotNet.dll
Symbol file LoadedFromMemory doesn't match image C:\Users\ecallegari-l2023\Documents\GitHub\SEEL\SEEL Source Code\Library\PackageCache\com.unity.visualscripting@1.8.0\Editor\VisualScripting.Core\Dependencies\DotNetZip\Unity.VisualScripting.IonicZip.dll
- Loaded All Assemblies, in  0.588 seconds
Refreshing native plugins compatible for Editor in 8.67 ms, found 3 plugins.
Native extension for WindowsStandalone target not found
Native extension for Android target not found
Native extension for WebGL target not found
Mono: successfully reloaded assembly
- Finished resetting the current domain, in  0.379 seconds
Domain Reload Profiling: 965ms
	BeginReloadAssembly (112ms)
		ExecutionOrderSort (0ms)
		DisableScriptedObjects (4ms)
		BackupInstance (0ms)
		ReleaseScriptingObjects (0ms)
		CreateAndSetChildDomain (15ms)
	RebuildCommonClasses (23ms)
	RebuildNativeTypeToScriptingClass (7ms)
	initialDomainReloadingComplete (36ms)
	LoadAllAssembliesAndSetupDomain (408ms)
		LoadAssemblies (261ms)
		RebuildTransferFunctionScriptingTraits (0ms)
		AnalyzeDomain (211ms)
			TypeCache.Refresh (197ms)
				TypeCache.ScanAssembly (187ms)
			ScanForSourceGeneratedMonoScriptInfo (11ms)
			ResolveRequiredComponents (4ms)
	FinalizeReload (380ms)
		ReleaseScriptCaches (0ms)
		RebuildScriptCaches (0ms)
		SetupLoadedEditorAssemblies (266ms)
			LogAssemblyErrors (0ms)
			InitializePlatformSupportModulesInManaged (19ms)
			SetLoadedEditorAssemblies (3ms)
			RefreshPlugins (0ms)
			BeforeProcessingInitializeOnLoad (49ms)
			ProcessInitializeOnLoadAttributes (177ms)
			ProcessInitializeOnLoadMethodAttributes (12ms)
			AfterProcessingInitializeOnLoad (6ms)
			EditorAssembliesLoaded (0ms)
		ExecutionOrderSort2 (0ms)
		AwakeInstancesAfterBackupRestoration (5ms)
Launched and connected shader compiler UnityShaderCompiler.exe after 0.05 seconds
Refreshing native plugins compatible for Editor in 9.30 ms, found 3 plugins.
Preloading 0 native plugins for Editor in 0.00 ms.
Unloading 3487 Unused Serialized files (Serialized files now loaded: 0)
Unloading 64 unused Assets / (1.4 MB). Loaded Objects now: 3940.
Memory consumption went from 222.0 MB to 220.7 MB.
Total: 3.209400 ms (FindLiveObjects: 0.403200 ms CreateObjectMapping: 0.191900 ms MarkObjects: 2.287700 ms  DeleteObjects: 0.325700 ms)

AssetImportParameters requested are different than current active one (requested -> active):
  custom:container-demuxer-ogg: 62fdf1f143b41e24485cea50d1cbac27 -> 
  custom:video-codec-MediaFoundation-h265: 746d11721c4dcdbdad8f713fa42b33f4 -> 
  custom:video-decoder-ogg-theora: a1e56fd34408186e4bbccfd4996cb3dc -> 
  custom:framework-win-MediaFoundation: 216162199b28c13a410421893ffa2e32 -> 
  custom:CustomObjectIndexerAttribute: 756ad292c208cfabdd7b50bc23989ffe -> 
  custom:container-demuxer-webm: 4f35f7cbe854078d1ac9338744f61a02 -> 
  custom:container-muxer-webm: aa71ff27fc2769a1b78a27578f13a17b -> 
  custom:video-decoder-webm-vp8: 9c59270c3fd7afecdb556c50c9e8de78 -> 
  custom:AudioImporter_EditorPlatform: d09bf68614088b80899f8185d706f6e7 -> 
  custom:video-encoder-webm-vp8: eb34c28f22e8b96e1ab97ce403110664 -> 
  custom:audio-decoder-ogg-vorbis: bf7c407c2cedff20999df2af8eb42d56 -> 
  custom:audio-encoder-webm-vorbis: bf7c407c2cedff20999df2af8eb42d56 -> 
========================================================================
Received Import Request.
  Time since last request: 3947.656924 seconds.
  path: Assets/UI/Subtitles/Tar Darlow/Death3.png
  artifactKey: Guid(dd59cf05f82626944928039c75f41e2f) Importer(815301076,1909f56bfc062723c751e8b465ee728b)
Start importing Assets/UI/Subtitles/Tar Darlow/Death3.png using Guid(dd59cf05f82626944928039c75f41e2f) Importer(815301076,1909f56bfc062723c751e8b465ee728b)  -> (artifact id: '867b6b8f6aba2bff1b96de8943390207') in 0.054077 seconds
Number of updated asset objects reloaded before import = 0
Number of asset objects unloaded after import = 3
========================================================================
Received Import Request.
  Time since last request: 227.891677 seconds.
  path: Assets/UI/Subtitles/ALL SUBTITLES/Screenshot 2024-05-08 094929.png
  artifactKey: Guid(d6f14fc551a25a74faec5c173b7b98ba) Importer(815301076,1909f56bfc062723c751e8b465ee728b)
Start importing Assets/UI/Subtitles/ALL SUBTITLES/Screenshot 2024-05-08 094929.png using Guid(d6f14fc551a25a74faec5c173b7b98ba) Importer(815301076,1909f56bfc062723c751e8b465ee728b)  -> (artifact id: '438afd3c1617b35529ae08e06f846ba9') in 0.008783 seconds
Number of updated asset objects reloaded before import = 0
Number of asset objects unloaded after import = 2
========================================================================
Received Import Request.
  Time since last request: 0.000013 seconds.
  path: Assets/UI/Subtitles/ALL SUBTITLES/Screenshot 2024-05-08 094944.png
  artifactKey: Guid(7ef9e671d4f32e34193ed76bb1e79bdd) Importer(815301076,1909f56bfc062723c751e8b465ee728b)
Start importing Assets/UI/Subtitles/ALL SUBTITLES/Screenshot 2024-05-08 094944.png using Guid(7ef9e671d4f32e34193ed76bb1e79bdd) Importer(815301076,1909f56bfc062723c751e8b465ee728b)  -> (artifact id: '20fc638973b756ca6eddce24113ffe2c') in 0.006177 seconds
Number of updated asset objects reloaded before import = 0
Number of asset objects unloaded after import = 2
========================================================================
Received Import Request.
  Time since last request: 0.000013 seconds.
  path: Assets/UI/Subtitles/ALL SUBTITLES/Screenshot 2024-05-08 095425.png
  artifactKey: Guid(274e2f7a62ca7f8429dfe616214bf337) Importer(815301076,1909f56bfc062723c751e8b465ee728b)
Start importing Assets/UI/Subtitles/ALL SUBTITLES/Screenshot 2024-05-08 095425.png using Guid(274e2f7a62ca7f8429dfe616214bf337) Importer(815301076,1909f56bfc062723c751e8b465ee728b)  -> (artifact id: 'd242819f8336c5c72e8098da8c553819') in 0.007188 seconds
Number of updated asset objects reloaded before import = 0
Number of asset objects unloaded after import = 2
========================================================================
Received Import Request.
  Time since last request: 0.000019 seconds.
  path: Assets/UI/Subtitles/ALL SUBTITLES/Screenshot 2024-05-08 100254.png
  artifactKey: Guid(f78166075ee2a8b43afbf58ba08473d0) Importer(815301076,1909f56bfc062723c751e8b465ee728b)
Start importing Assets/UI/Subtitles/ALL SUBTITLES/Screenshot 2024-05-08 100254.png using Guid(f78166075ee2a8b43afbf58ba08473d0) Importer(815301076,1909f56bfc062723c751e8b465ee728b)  -> (artifact id: '3a78381a599b6330ab11526fee81720c') in 0.009372 seconds
Number of updated asset objects reloaded before import = 0
Number of asset objects unloaded after import = 2
========================================================================
Received Import Request.
  Time since last request: 0.000029 seconds.
  path: Assets/UI/Subtitles/ALL SUBTITLES/Screenshot 2024-05-08 095207.png
  artifactKey: Guid(53f7d7e160512f14e9db0e7fb7c88cae) Importer(815301076,1909f56bfc062723c751e8b465ee728b)
Start importing Assets/UI/Subtitles/ALL SUBTITLES/Screenshot 2024-05-08 095207.png using Guid(53f7d7e160512f14e9db0e7fb7c88cae) Importer(815301076,1909f56bfc062723c751e8b465ee728b)  -> (artifact id: '0b74ce9cf9d4518ee203296ab4176e6e') in 0.007257 seconds
Number of updated asset objects reloaded before import = 0
Number of asset objects unloaded after import = 2
========================================================================
Received Import Request.
  Time since last request: 0.000014 seconds.
  path: Assets/UI/Subtitles/ALL SUBTITLES/Screenshot 2024-05-08 100336.png
  artifactKey: Guid(2348bd69e0d3d2c41989c740aa5ef83b) Importer(815301076,1909f56bfc062723c751e8b465ee728b)
Start importing Assets/UI/Subtitles/ALL SUBTITLES/Screenshot 2024-05-08 100336.png using Guid(2348bd69e0d3d2c41989c740aa5ef83b) Importer(815301076,1909f56bfc062723c751e8b465ee728b)  -> (artifact id: '397438d2e185a6b464a1fd9efef25f47') in 0.006582 seconds
Number of updated asset objects reloaded before import = 0
Number of asset objects unloaded after import = 2
========================================================================
Received Import Request.
  Time since last request: 0.000018 seconds.
  path: Assets/UI/Subtitles/ALL SUBTITLES/Screenshot 2024-05-08 100344.png
  artifactKey: Guid(cad54ff3927cde441b091b4a6c7b2f27) Importer(815301076,1909f56bfc062723c751e8b465ee728b)
Start importing Assets/UI/Subtitles/ALL SUBTITLES/Screenshot 2024-05-08 100344.png using Guid(cad54ff3927cde441b091b4a6c7b2f27) Importer(815301076,1909f56bfc062723c751e8b465ee728b)  -> (artifact id: 'ee8fbb5b7056d06f060164cc74f6a73a') in 0.007068 seconds
Number of updated asset objects reloaded before import = 0
Number of asset objects unloaded after import = 2
========================================================================
Received Import Request.
  Time since last request: 0.000014 seconds.
  path: Assets/UI/Subtitles/ALL SUBTITLES/Screenshot 2024-05-08 095410.png
  artifactKey: Guid(d7129fdf93cdddc4cbdf725c411490a9) Importer(815301076,1909f56bfc062723c751e8b465ee728b)
Start importing Assets/UI/Subtitles/ALL SUBTITLES/Screenshot 2024-05-08 095410.png using Guid(d7129fdf93cdddc4cbdf725c411490a9) Importer(815301076,1909f56bfc062723c751e8b465ee728b)  -> (artifact id: 'ebcf79348a8f3a7d9f857b9cc2a3e586') in 0.006903 seconds
Number of updated asset objects reloaded before import = 0
Number of asset objects unloaded after import = 2
========================================================================
Received Import Request.
  Time since last request: 0.000014 seconds.
  path: Assets/UI/Subtitles/ALL SUBTITLES/Screenshot 2024-05-08 095003.png
  artifactKey: Guid(60a7793d439151d4793b49674a909240) Importer(815301076,1909f56bfc062723c751e8b465ee728b)
Start importing Assets/UI/Subtitles/ALL SUBTITLES/Screenshot 2024-05-08 095003.png using Guid(60a7793d439151d4793b49674a909240) Importer(815301076,1909f56bfc062723c751e8b465ee728b)  -> (artifact id: 'dab3d2d1cf85984465d9f89bab9cf019') in 0.006290 seconds
Number of updated asset objects reloaded before import = 0
Number of asset objects unloaded after import = 2
========================================================================
Received Import Request.
  Time since last request: 0.000011 seconds.
  path: Assets/UI/Subtitles/ALL SUBTITLES/Screenshot 2024-05-08 100203.png
  artifactKey: Guid(39e55e5dbe1e97945abd7114e6216f72) Importer(815301076,1909f56bfc062723c751e8b465ee728b)
Start importing Assets/UI/Subtitles/ALL SUBTITLES/Screenshot 2024-05-08 100203.png using Guid(39e55e5dbe1e97945abd7114e6216f72) Importer(815301076,1909f56bfc062723c751e8b465ee728b)  -> (artifact id: '940e567d06de98add13a6913bda48a2a') in 0.006142 seconds
Number of updated asset objects reloaded before import = 0
Number of asset objects unloaded after import = 2
========================================================================
Received Import Request.
  Time since last request: 0.000016 seconds.
  path: Assets/UI/Subtitles/ALL SUBTITLES/Screenshot 2024-05-08 095354.png
  artifactKey: Guid(32103b1873aec654ea940b6b08d9dcc5) Importer(815301076,1909f56bfc062723c751e8b465ee728b)
Start importing Assets/UI/Subtitles/ALL SUBTITLES/Screenshot 2024-05-08 095354.png using Guid(32103b1873aec654ea940b6b08d9dcc5) Importer(815301076,1909f56bfc062723c751e8b465ee728b)  -> (artifact id: '0fb5fcf9c6d32641f77e973a5a5db378') in 0.009865 seconds
Number of updated asset objects reloaded before import = 0
Number of asset objects unloaded after import = 2
========================================================================
Received Import Request.
  Time since last request: 0.000014 seconds.
  path: Assets/UI/Subtitles/ALL SUBTITLES/Screenshot 2024-05-08 100312.png
  artifactKey: Guid(03d8f49c937b21846b6e739a3ad26241) Importer(815301076,1909f56bfc062723c751e8b465ee728b)
Start importing Assets/UI/Subtitles/ALL SUBTITLES/Screenshot 2024-05-08 100312.png using Guid(03d8f49c937b21846b6e739a3ad26241) Importer(815301076,1909f56bfc062723c751e8b465ee728b)  -> (artifact id: '68722bd6db70e7e3f20c3d7112a31e93') in 0.008064 seconds
Number of updated asset objects reloaded before import = 0
Number of asset objects unloaded after import = 2
========================================================================
Received Import Request.
  Time since last request: 0.000019 seconds.
  path: Assets/UI/Subtitles/ALL SUBTITLES/Screenshot 2024-05-08 100049.png
  artifactKey: Guid(03839fd54168fc14d8ef62a45e338275) Importer(815301076,1909f56bfc062723c751e8b465ee728b)
Start importing Assets/UI/Subtitles/ALL SUBTITLES/Screenshot 2024-05-08 100049.png using Guid(03839fd54168fc14d8ef62a45e338275) Importer(815301076,1909f56bfc062723c751e8b465ee728b)  -> (artifact id: '3e4e273562617b6480652526be73692a') in 0.006598 seconds
Number of updated asset objects reloaded before import = 0
Number of asset objects unloaded after import = 2
========================================================================
Received Import Request.
  Time since last request: 0.000013 seconds.
  path: Assets/UI/Subtitles/ALL SUBTITLES/Screenshot 2024-05-08 100458.png
  artifactKey: Guid(b31a10c6f90f0844d92714f0d2a8990c) Importer(815301076,1909f56bfc062723c751e8b465ee728b)
Start importing Assets/UI/Subtitles/ALL SUBTITLES/Screenshot 2024-05-08 100458.png using Guid(b31a10c6f90f0844d92714f0d2a8990c) Importer(815301076,1909f56bfc062723c751e8b465ee728b)  -> (artifact id: 'bcc6366e8067555c5cc7fe5ca27c4c2c') in 0.006219 seconds
Number of updated asset objects reloaded before import = 0
Number of asset objects unloaded after import = 2
========================================================================
Received Import Request.
  Time since last request: 0.000017 seconds.
  path: Assets/UI/Subtitles/ALL SUBTITLES/Screenshot 2024-05-08 100445.png
  artifactKey: Guid(cc22c843d9dee274b9f6275bd6dfbd53) Importer(815301076,1909f56bfc062723c751e8b465ee728b)
Start importing Assets/UI/Subtitles/ALL SUBTITLES/Screenshot 2024-05-08 100445.png using Guid(cc22c843d9dee274b9f6275bd6dfbd53) Importer(815301076,1909f56bfc062723c751e8b465ee728b)  -> (artifact id: '72a9facc8552b2d67af6261bf8050dfa') in 0.006370 seconds
Number of updated asset objects reloaded before import = 0
Number of asset objects unloaded after import = 2
========================================================================
Received Import Request.
  Time since last request: 0.000020 seconds.
  path: Assets/UI/Subtitles/ALL SUBTITLES/Screenshot 2024-05-08 095346.png
  artifactKey: Guid(320cce50fea92f944b0872679f0be074) Importer(815301076,1909f56bfc062723c751e8b465ee728b)
Start importing Assets/UI/Subtitles/ALL SUBTITLES/Screenshot 2024-05-08 095346.png using Guid(320cce50fea92f944b0872679f0be074) Importer(815301076,1909f56bfc062723c751e8b465ee728b)  -> (artifact id: '700f652dcbafaa0cd39ec625a4813f24') in 0.007815 seconds
Number of updated asset objects reloaded before import = 0
Number of asset objects unloaded after import = 2
========================================================================
Received Import Request.
  Time since last request: 0.000016 seconds.
  path: Assets/UI/Subtitles/ALL SUBTITLES/Screenshot 2024-05-08 100116.png
  artifactKey: Guid(b3feb5b9ada1145488fa8147405e3bce) Importer(815301076,1909f56bfc062723c751e8b465ee728b)
Start importing Assets/UI/Subtitles/ALL SUBTITLES/Screenshot 2024-05-08 100116.png using Guid(b3feb5b9ada1145488fa8147405e3bce) Importer(815301076,1909f56bfc062723c751e8b465ee728b)  -> (artifact id: '49700b0832677f2a7438a253c91cd921') in 0.006950 seconds
Number of updated asset objects reloaded before import = 0
Number of asset objects unloaded after import = 2
========================================================================
Received Import Request.
  Time since last request: 0.000015 seconds.
  path: Assets/UI/Subtitles/ALL SUBTITLES/Screenshot 2024-05-08 100122.png
  artifactKey: Guid(8d68d3824c79e7d44bd5bcf95db86b3c) Importer(815301076,1909f56bfc062723c751e8b465ee728b)
Start importing Assets/UI/Subtitles/ALL SUBTITLES/Screenshot 2024-05-08 100122.png using Guid(8d68d3824c79e7d44bd5bcf95db86b3c) Importer(815301076,1909f56bfc062723c751e8b465ee728b)  -> (artifact id: 'b159a41759aace05e05321ce23c4fd22') in 0.006540 seconds
Number of updated asset objects reloaded before import = 0
Number of asset objects unloaded after import = 2
========================================================================
Received Import Request.
  Time since last request: 0.000013 seconds.
  path: Assets/UI/Subtitles/ALL SUBTITLES/Screenshot 2024-05-08 100147.png
  artifactKey: Guid(6fc30708600b7044b84bbb93d7ab0c0d) Importer(815301076,1909f56bfc062723c751e8b465ee728b)
Start importing Assets/UI/Subtitles/ALL SUBTITLES/Screenshot 2024-05-08 100147.png using Guid(6fc30708600b7044b84bbb93d7ab0c0d) Importer(815301076,1909f56bfc062723c751e8b465ee728b)  -> (artifact id: 'c73733964ef9bc024f8d241cb8a9a69e') in 0.006099 seconds
Number of updated asset objects reloaded before import = 0
Number of asset objects unloaded after import = 2
========================================================================
Received Import Request.
  Time since last request: 0.000014 seconds.
  path: Assets/UI/Subtitles/ALL SUBTITLES/Screenshot 2024-05-08 095441.png
  artifactKey: Guid(23de314ed8774d345a125c4869aa275f) Importer(815301076,1909f56bfc062723c751e8b465ee728b)
Start importing Assets/UI/Subtitles/ALL SUBTITLES/Screenshot 2024-05-08 095441.png using Guid(23de314ed8774d345a125c4869aa275f) Importer(815301076,1909f56bfc062723c751e8b465ee728b)  -> (artifact id: '5ffec4596e15178f88d446d542bc4da4') in 0.006046 seconds
Number of updated asset objects reloaded before import = 0
Number of asset objects unloaded after import = 2
========================================================================
Received Import Request.
  Time since last request: 0.000013 seconds.
  path: Assets/UI/Subtitles/ALL SUBTITLES/Screenshot 2024-05-08 095321.png
  artifactKey: Guid(250b0d4111e7b1a49b6526986e788643) Importer(815301076,1909f56bfc062723c751e8b465ee728b)
Start importing Assets/UI/Subtitles/ALL SUBTITLES/Screenshot 2024-05-08 095321.png using Guid(250b0d4111e7b1a49b6526986e788643) Importer(815301076,1909f56bfc062723c751e8b465ee728b)  -> (artifact id: 'a8d8d983a13ffebdc7d37565ad5c92fb') in 0.005270 seconds
Number of updated asset objects reloaded before import = 0
Number of asset objects unloaded after import = 2
========================================================================
Received Import Request.
  Time since last request: 0.000012 seconds.
  path: Assets/UI/Subtitles/ALL SUBTITLES/Screenshot 2024-05-08 100222.png
  artifactKey: Guid(c03116f2e408d6143b60d5d737bff06f) Importer(815301076,1909f56bfc062723c751e8b465ee728b)
Start importing Assets/UI/Subtitles/ALL SUBTITLES/Screenshot 2024-05-08 100222.png using Guid(c03116f2e408d6143b60d5d737bff06f) Importer(815301076,1909f56bfc062723c751e8b465ee728b)  -> (artifact id: 'c31d68b50e34fcda5a8331e3a051d128') in 0.006055 seconds
Number of updated asset objects reloaded before import = 0
Number of asset objects unloaded after import = 2
========================================================================
Received Import Request.
  Time since last request: 0.000016 seconds.
  path: Assets/UI/Subtitles/ALL SUBTITLES/Screenshot 2024-05-08 100108.png
  artifactKey: Guid(ff42c53d38a1ee447aa8543690a375b4) Importer(815301076,1909f56bfc062723c751e8b465ee728b)
Start importing Assets/UI/Subtitles/ALL SUBTITLES/Screenshot 2024-05-08 100108.png using Guid(ff42c53d38a1ee447aa8543690a375b4) Importer(815301076,1909f56bfc062723c751e8b465ee728b)  -> (artifact id: 'bfdf609b9f30ce84ed6e78b3bdaa1918') in 0.006596 seconds
Number of updated asset objects reloaded before import = 0
Number of asset objects unloaded after import = 2
========================================================================
Received Import Request.
  Time since last request: 0.000014 seconds.
  path: Assets/UI/Subtitles/ALL SUBTITLES/Screenshot 2024-05-08 100027.png
  artifactKey: Guid(1623d3dc47506ac4396faa696082983b) Importer(815301076,1909f56bfc062723c751e8b465ee728b)
Start importing Assets/UI/Subtitles/ALL SUBTITLES/Screenshot 2024-05-08 100027.png using Guid(1623d3dc47506ac4396faa696082983b) Importer(815301076,1909f56bfc062723c751e8b465ee728b)  -> (artifact id: '9a20e33f74864708960388910b0b3744') in 0.005156 seconds
Number of updated asset objects reloaded before import = 0
Number of asset objects unloaded after import = 2
========================================================================
Received Import Request.
  Time since last request: 0.000014 seconds.
  path: Assets/UI/Subtitles/ALL SUBTITLES/Screenshot 2024-05-08 100427.png
  artifactKey: Guid(000e52e7f8a49b64a99e4e45695dd0bc) Importer(815301076,1909f56bfc062723c751e8b465ee728b)
Start importing Assets/UI/Subtitles/ALL SUBTITLES/Screenshot 2024-05-08 100427.png using Guid(000e52e7f8a49b64a99e4e45695dd0bc) Importer(815301076,1909f56bfc062723c751e8b465ee728b)  -> (artifact id: '577ef010a5feef7f5cb317507b3ff173') in 0.006854 seconds
Number of updated asset objects reloaded before import = 0
Number of asset objects unloaded after import = 2
========================================================================
Received Import Request.
  Time since last request: 0.000015 seconds.
  path: Assets/UI/Subtitles/ALL SUBTITLES/Screenshot 2024-05-08 095332.png
  artifactKey: Guid(1bcc2ec12d1019d4a9e4e2e28085b705) Importer(815301076,1909f56bfc062723c751e8b465ee728b)
Start importing Assets/UI/Subtitles/ALL SUBTITLES/Screenshot 2024-05-08 095332.png using Guid(1bcc2ec12d1019d4a9e4e2e28085b705) Importer(815301076,1909f56bfc062723c751e8b465ee728b)  -> (artifact id: '92ff83ca6f1082b91ad213aa6362360b') in 0.006668 seconds
Number of updated asset objects reloaded before import = 0
Number of asset objects unloaded after import = 2
========================================================================
Received Import Request.
  Time since last request: 0.000012 seconds.
  path: Assets/UI/Subtitles/ALL SUBTITLES/Screenshot 2024-05-08 095148.png
  artifactKey: Guid(d0e1baf7ca867534e82baa594accb9b4) Importer(815301076,1909f56bfc062723c751e8b465ee728b)
Start importing Assets/UI/Subtitles/ALL SUBTITLES/Screenshot 2024-05-08 095148.png using Guid(d0e1baf7ca867534e82baa594accb9b4) Importer(815301076,1909f56bfc062723c751e8b465ee728b)  -> (artifact id: '7f51b9ae420fc57df596561a9c828b26') in 0.005222 seconds
Number of updated asset objects reloaded before import = 0
Number of asset objects unloaded after import = 2
========================================================================
Received Import Request.
  Time since last request: 10.479213 seconds.
  path: Assets/UI/Subtitles/ALL SUBTITLES/Screenshot 2024-05-08 094944.png
  artifactKey: Guid(7ef9e671d4f32e34193ed76bb1e79bdd) Importer(815301076,1909f56bfc062723c751e8b465ee728b)
Start importing Assets/UI/Subtitles/ALL SUBTITLES/Screenshot 2024-05-08 094944.png using Guid(7ef9e671d4f32e34193ed76bb1e79bdd) Importer(815301076,1909f56bfc062723c751e8b465ee728b)  -> (artifact id: '6103ff855fc7e84fdc183d31ab45ffb3') in 0.025146 seconds
Number of updated asset objects reloaded before import = 0
Number of asset objects unloaded after import = 3
========================================================================
Received Import Request.
  Time since last request: 0.000015 seconds.
  path: Assets/UI/Subtitles/ALL SUBTITLES/Screenshot 2024-05-08 100254.png
  artifactKey: Guid(f78166075ee2a8b43afbf58ba08473d0) Importer(815301076,1909f56bfc062723c751e8b465ee728b)
Start importing Assets/UI/Subtitles/ALL SUBTITLES/Screenshot 2024-05-08 100254.png using Guid(f78166075ee2a8b43afbf58ba08473d0) Importer(815301076,1909f56bfc062723c751e8b465ee728b)  -> (artifact id: '90efc3c337b1a4a48d2ae33b61d94480') in 0.008014 seconds
Number of updated asset objects reloaded before import = 0
Number of asset objects unloaded after import = 3
========================================================================
Received Import Request.
  Time since last request: 0.000013 seconds.
  path: Assets/UI/Subtitles/ALL SUBTITLES/Screenshot 2024-05-08 095207.png
  artifactKey: Guid(53f7d7e160512f14e9db0e7fb7c88cae) Importer(815301076,1909f56bfc062723c751e8b465ee728b)
Start importing Assets/UI/Subtitles/ALL SUBTITLES/Screenshot 2024-05-08 095207.png using Guid(53f7d7e160512f14e9db0e7fb7c88cae) Importer(815301076,1909f56bfc062723c751e8b465ee728b)  -> (artifact id: '982b48a0b5c72257b79e5429b42e5ff9') in 0.013791 seconds
Number of updated asset objects reloaded before import = 0
Number of asset objects unloaded after import = 3
========================================================================
Received Import Request.
  Time since last request: 0.000012 seconds.
  path: Assets/UI/Subtitles/ALL SUBTITLES/Screenshot 2024-05-08 100336.png
  artifactKey: Guid(2348bd69e0d3d2c41989c740aa5ef83b) Importer(815301076,1909f56bfc062723c751e8b465ee728b)
Start importing Assets/UI/Subtitles/ALL SUBTITLES/Screenshot 2024-05-08 100336.png using Guid(2348bd69e0d3d2c41989c740aa5ef83b) Importer(815301076,1909f56bfc062723c751e8b465ee728b)  -> (artifact id: '1a00677b9a6236bfbb0ebe6db2ef0a14') in 0.010259 seconds
Number of updated asset objects reloaded before import = 0
Number of asset objects unloaded after import = 3
========================================================================
Received Import Request.
  Time since last request: 0.000014 seconds.
  path: Assets/UI/Subtitles/ALL SUBTITLES/Screenshot 2024-05-08 100435.png
  artifactKey: Guid(cabe3ac562d34654b95fcfbbecf69a91) Importer(815301076,1909f56bfc062723c751e8b465ee728b)
Start importing Assets/UI/Subtitles/ALL SUBTITLES/Screenshot 2024-05-08 100435.png using Guid(cabe3ac562d34654b95fcfbbecf69a91) Importer(815301076,1909f56bfc062723c751e8b465ee728b)  -> (artifact id: '529a64f00e806a3eaf12846867f23cbb') in 0.008554 seconds
Number of updated asset objects reloaded before import = 0
Number of asset objects unloaded after import = 3
========================================================================
Received Import Request.
  Time since last request: 0.000021 seconds.
  path: Assets/UI/Subtitles/ALL SUBTITLES/Screenshot 2024-05-08 095003.png
  artifactKey: Guid(60a7793d439151d4793b49674a909240) Importer(815301076,1909f56bfc062723c751e8b465ee728b)
Start importing Assets/UI/Subtitles/ALL SUBTITLES/Screenshot 2024-05-08 095003.png using Guid(60a7793d439151d4793b49674a909240) Importer(815301076,1909f56bfc062723c751e8b465ee728b)  -> (artifact id: '846d39fdf46c0e54fd452e5b929e91f4') in 0.021219 seconds
Number of updated asset objects reloaded before import = 0
Number of asset objects unloaded after import = 3
========================================================================
Received Import Request.
  Time since last request: 0.000014 seconds.
  path: Assets/UI/Subtitles/ALL SUBTITLES/Screenshot 2024-05-08 100327.png
  artifactKey: Guid(d83b588df42756540b77b1aba212e8c6) Importer(815301076,1909f56bfc062723c751e8b465ee728b)
Start importing Assets/UI/Subtitles/ALL SUBTITLES/Screenshot 2024-05-08 100327.png using Guid(d83b588df42756540b77b1aba212e8c6) Importer(815301076,1909f56bfc062723c751e8b465ee728b)  -> (artifact id: '0292d4376c8d10a8d16a3eb5da704ae0') in 0.007426 seconds
Number of updated asset objects reloaded before import = 0
Number of asset objects unloaded after import = 3
========================================================================
Received Import Request.
  Time since last request: 0.000011 seconds.
  path: Assets/UI/Subtitles/ALL SUBTITLES/Screenshot 2024-05-08 100312.png
  artifactKey: Guid(03d8f49c937b21846b6e739a3ad26241) Importer(815301076,1909f56bfc062723c751e8b465ee728b)
Start importing Assets/UI/Subtitles/ALL SUBTITLES/Screenshot 2024-05-08 100312.png using Guid(03d8f49c937b21846b6e739a3ad26241) Importer(815301076,1909f56bfc062723c751e8b465ee728b)  -> (artifact id: '8b0a4199f9d6b6c1485cff046e7883b4') in 0.019981 seconds
Number of updated asset objects reloaded before import = 0
Number of asset objects unloaded after import = 3
========================================================================
Received Import Request.
  Time since last request: 0.000018 seconds.
  path: Assets/UI/Subtitles/ALL SUBTITLES/Screenshot 2024-05-08 100247.png
  artifactKey: Guid(e4f2caa05d0809f4ba85e3d552140630) Importer(815301076,1909f56bfc062723c751e8b465ee728b)
Start importing Assets/UI/Subtitles/ALL SUBTITLES/Screenshot 2024-05-08 100247.png using Guid(e4f2caa05d0809f4ba85e3d552140630) Importer(815301076,1909f56bfc062723c751e8b465ee728b)  -> (artifact id: 'a3391137c52f90c049f97b66a27a59a1') in 0.008477 seconds
Number of updated asset objects reloaded before import = 0
Number of asset objects unloaded after import = 3
========================================================================
Received Import Request.
  Time since last request: 0.000013 seconds.
  path: Assets/UI/Subtitles/ALL SUBTITLES/Screenshot 2024-05-08 095232.png
  artifactKey: Guid(5aba6b9f362c63e44971f5e9ff52e4f9) Importer(815301076,1909f56bfc062723c751e8b465ee728b)
Start importing Assets/UI/Subtitles/ALL SUBTITLES/Screenshot 2024-05-08 095232.png using Guid(5aba6b9f362c63e44971f5e9ff52e4f9) Importer(815301076,1909f56bfc062723c751e8b465ee728b)  -> (artifact id: '2da70d5a784b40e9240a4eb06ec91779') in 0.009242 seconds
Number of updated asset objects reloaded before import = 0
Number of asset objects unloaded after import = 3
========================================================================
Received Import Request.
  Time since last request: 0.000010 seconds.
  path: Assets/UI/Subtitles/ALL SUBTITLES/Screenshot 2024-05-08 100116.png
  artifactKey: Guid(b3feb5b9ada1145488fa8147405e3bce) Importer(815301076,1909f56bfc062723c751e8b465ee728b)
Start importing Assets/UI/Subtitles/ALL SUBTITLES/Screenshot 2024-05-08 100116.png using Guid(b3feb5b9ada1145488fa8147405e3bce) Importer(815301076,1909f56bfc062723c751e8b465ee728b)  -> (artifact id: 'ecb39e247510ed80569f3a00b119b810') in 0.016211 seconds
Number of updated asset objects reloaded before import = 0
Number of asset objects unloaded after import = 3
========================================================================
Received Import Request.
  Time since last request: 0.000013 seconds.
  path: Assets/UI/Subtitles/ALL SUBTITLES/Screenshot 2024-05-08 100230.png
  artifactKey: Guid(a58db5f03a47f174c8309bcb2196b17e) Importer(815301076,1909f56bfc062723c751e8b465ee728b)
Start importing Assets/UI/Subtitles/ALL SUBTITLES/Screenshot 2024-05-08 100230.png using Guid(a58db5f03a47f174c8309bcb2196b17e) Importer(815301076,1909f56bfc062723c751e8b465ee728b)  -> (artifact id: '38190cc0759f75cbf5e484da3fa1f53b') in 0.010738 seconds
Number of updated asset objects reloaded before import = 0
Number of asset objects unloaded after import = 3
========================================================================
Received Import Request.
  Time since last request: 0.000014 seconds.
  path: Assets/UI/Subtitles/ALL SUBTITLES/Screenshot 2024-05-08 100147.png
  artifactKey: Guid(6fc30708600b7044b84bbb93d7ab0c0d) Importer(815301076,1909f56bfc062723c751e8b465ee728b)
Start importing Assets/UI/Subtitles/ALL SUBTITLES/Screenshot 2024-05-08 100147.png using Guid(6fc30708600b7044b84bbb93d7ab0c0d) Importer(815301076,1909f56bfc062723c751e8b465ee728b)  -> (artifact id: '33ab46f3d5c4cb57fdbad1e132c21ad0') in 0.018198 seconds
Number of updated asset objects reloaded before import = 0
Number of asset objects unloaded after import = 3
========================================================================
Received Import Request.
  Time since last request: 0.000012 seconds.
  path: Assets/UI/Subtitles/ALL SUBTITLES/Screenshot 2024-05-08 095158.png
  artifactKey: Guid(a98fefe1ae3c9794398309c3e0e43e17) Importer(815301076,1909f56bfc062723c751e8b465ee728b)
Start importing Assets/UI/Subtitles/ALL SUBTITLES/Screenshot 2024-05-08 095158.png using Guid(a98fefe1ae3c9794398309c3e0e43e17) Importer(815301076,1909f56bfc062723c751e8b465ee728b)  -> (artifact id: '282bb74963472df1809e9d78a0b165f2') in 0.009315 seconds
Number of updated asset objects reloaded before import = 0
Number of asset objects unloaded after import = 3
========================================================================
Received Import Request.
  Time since last request: 0.000014 seconds.
  path: Assets/UI/Subtitles/ALL SUBTITLES/Screenshot 2024-05-08 100239.png
  artifactKey: Guid(e756aa82ec0b24349908b46eef250062) Importer(815301076,1909f56bfc062723c751e8b465ee728b)
Start importing Assets/UI/Subtitles/ALL SUBTITLES/Screenshot 2024-05-08 100239.png using Guid(e756aa82ec0b24349908b46eef250062) Importer(815301076,1909f56bfc062723c751e8b465ee728b)  -> (artifact id: 'f9779ce1671628771622e343140f8890') in 0.007326 seconds
Number of updated asset objects reloaded before import = 0
Number of asset objects unloaded after import = 3
========================================================================
Received Import Request.
  Time since last request: 0.000013 seconds.
  path: Assets/UI/Subtitles/ALL SUBTITLES/Screenshot 2024-05-08 100427.png
  artifactKey: Guid(000e52e7f8a49b64a99e4e45695dd0bc) Importer(815301076,1909f56bfc062723c751e8b465ee728b)
Start importing Assets/UI/Subtitles/ALL SUBTITLES/Screenshot 2024-05-08 100427.png using Guid(000e52e7f8a49b64a99e4e45695dd0bc) Importer(815301076,1909f56bfc062723c751e8b465ee728b)  -> (artifact id: 'b4cd9b5c7d3a2109516986b66e3aa194') in 0.008590 seconds
Number of updated asset objects reloaded before import = 0
Number of asset objects unloaded after import = 3
========================================================================
Received Import Request.
  Time since last request: 0.000012 seconds.
  path: Assets/UI/Subtitles/ALL SUBTITLES/Screenshot 2024-05-08 095425.png
  artifactKey: Guid(274e2f7a62ca7f8429dfe616214bf337) Importer(815301076,1909f56bfc062723c751e8b465ee728b)
Start importing Assets/UI/Subtitles/ALL SUBTITLES/Screenshot 2024-05-08 095425.png using Guid(274e2f7a62ca7f8429dfe616214bf337) Importer(815301076,1909f56bfc062723c751e8b465ee728b)  -> (artifact id: 'b5624356f9071ee479db995daaa96e83') in 0.006917 seconds
Number of updated asset objects reloaded before import = 0
Number of asset objects unloaded after import = 3
Editor requested this worker to shutdown with reason: Scaling down because of idle timeout
TcpMessagingSession - receive error: operation aborted. errorcode: 995, details: The I/O operation has been aborted because of either a thread exit or an application request.
AssetImportWorker is now disconnected from the server
Process exiting
Exiting without the bug reporter. Application will terminate with return code 0